c:\users\nabil\dropbox\esiee-in4i12-16\mycode\meshviewer-6-shaderchanges\myproj\debug\vc140.pdb
c:\users\nabil\dropbox\esiee-in4i12-16\mycode\meshviewer-6-shaderchanges\myproj\debug\vc140.idb
c:\users\nabil\dropbox\esiee-in4i12-16\mycode\meshviewer-6-shaderchanges\myproj\debug\main.obj
c:\users\nabil\dropbox\esiee-in4i12-16\mycode\meshviewer-6-shaderchanges\myproj\debug\myface.obj
c:\users\nabil\dropbox\esiee-in4i12-16\mycode\meshviewer-6-shaderchanges\myproj\debug\myhalfedge.obj
c:\users\nabil\dropbox\esiee-in4i12-16\mycode\meshviewer-6-shaderchanges\myproj\debug\mymesh.obj
c:\users\nabil\dropbox\esiee-in4i12-16\mycode\meshviewer-6-shaderchanges\myproj\debug\myvertex.obj
c:\users\nabil\dropbox\esiee-in4i12-16\mycode\meshviewer-6-shaderchanges\myproj\debug\mypoint3d.obj
c:\users\nabil\dropbox\esiee-in4i12-16\mycode\meshviewer-6-shaderchanges\myproj\debug\shaders.obj
c:\users\nabil\dropbox\esiee-in4i12-16\mycode\meshviewer-6-shaderchanges\myproj\debug\myvector3d.obj
c:\users\nabil\dropbox\esiee-in4i12-16\mycode\meshviewer-6-shaderchanges\debug\myproj.ilk
c:\users\nabil\dropbox\esiee-in4i12-16\mycode\meshviewer-6-shaderchanges\debug\myproj.exe
c:\users\nabil\dropbox\esiee-in4i12-16\mycode\meshviewer-6-shaderchanges\debug\myproj.pdb
c:\users\inesr\downloads\geometric_modeling\meshviewer-init\meshviewer-init\myproj\debug\main.obj
c:\users\inesr\downloads\geometric_modeling\meshviewer-init\meshviewer-init\myproj\debug\myface.obj
c:\users\inesr\downloads\geometric_modeling\meshviewer-init\meshviewer-init\myproj\debug\myhalfedge.obj
c:\users\inesr\downloads\geometric_modeling\meshviewer-init\meshviewer-init\myproj\debug\mymesh.obj
c:\users\inesr\downloads\geometric_modeling\meshviewer-init\meshviewer-init\myproj\debug\mypoint3d.obj
c:\users\inesr\downloads\geometric_modeling\meshviewer-init\meshviewer-init\myproj\debug\myvector3d.obj
c:\users\inesr\downloads\geometric_modeling\meshviewer-init\meshviewer-init\myproj\debug\myvertex.obj
c:\users\inesr\downloads\geometric_modeling\meshviewer-init\meshviewer-init\myproj\debug\shaders.obj
c:\users\inesr\downloads\geometric_modeling\meshviewer-init\meshviewer-init\myproj\debug\vc140.idb
c:\users\inesr\downloads\geometric_modeling\meshviewer-init\meshviewer-init\myproj\debug\vc140.pdb
c:\users\inesr\downloads\geometric_modeling\meshviewer-init\meshviewer-init\debug\myproj.pdb
c:\users\inesr\downloads\geometric_modeling\meshviewer-init\meshviewer-init\debug\myproj.exe
c:\users\inesr\downloads\geometric_modeling\meshviewer-init\meshviewer-init\debug\myproj.ilk
c:\users\inesr\downloads\geometric_modeling\meshviewer-init\meshviewer-init\myproj\debug\myproj.tlog\cl.command.1.tlog
c:\users\inesr\downloads\geometric_modeling\meshviewer-init\meshviewer-init\myproj\debug\myproj.tlog\cl.read.1.tlog
c:\users\inesr\downloads\geometric_modeling\meshviewer-init\meshviewer-init\myproj\debug\myproj.tlog\cl.write.1.tlog
c:\users\inesr\downloads\geometric_modeling\meshviewer-init\meshviewer-init\myproj\debug\myproj.tlog\link.command.1.tlog
c:\users\inesr\downloads\geometric_modeling\meshviewer-init\meshviewer-init\myproj\debug\myproj.tlog\link.read.1.tlog
c:\users\inesr\downloads\geometric_modeling\meshviewer-init\meshviewer-init\myproj\debug\myproj.tlog\link.write.1.tlog
